<?xml version="1.0" encoding="UTF-8"?>
<!-- Generated by org.testng.reporters.JUnitReportReporter -->
<testsuite hostname="DESKTOP-9A3ESFK" failures="0" tests="5" name="com.carbon.bizdata360.qa.testcases.UserManagement" time="137.616" errors="0" timestamp="2024-07-04T13:31:01 IST" skipped="0">
  <testcase classname="com.carbon.bizdata360.qa.testcases.UserManagement" name="verifyCreateUserWithMandatoryField" time="26.958"/>
  <testcase classname="com.carbon.bizdata360.qa.testcases.UserManagement" name="verifyCreateUserWithEmptyField" time="28.400"/>
  <testcase classname="com.carbon.bizdata360.qa.testcases.UserManagement" name="verifyUserListInfoIcons" time="29.634"/>
  <testcase classname="com.carbon.bizdata360.qa.testcases.UserManagement" name="verifyUserListToggleIcons" time="25.963"/>
  <testcase classname="com.carbon.bizdata360.qa.testcases.UserManagement" name="verifyUpdateUser" time="26.661"/>
</testsuite> <!-- com.carbon.bizdata360.qa.testcases.UserManagement -->
