<?xml version="1.0" encoding="UTF-8"?>
<!-- Generated by org.testng.reporters.JUnitReportReporter -->
<testsuite hostname="DESKTOP-9A3ESFK" failures="0" tests="1" name="com.carbon.bizdata360.qa.testcases.IntegrationTest$Testing" time="11.553" errors="0" timestamp="2024-07-10T10:09:53 IST" skipped="0">
  <testcase classname="com.carbon.bizdata360.qa.testcases.IntegrationTest$Testing" name="verifyCreateBridgeWithMandatoryFields" time="11.553"/>
</testsuite> <!-- com.carbon.bizdata360.qa.testcases.IntegrationTest$Testing -->
