<?xml version="1.0" encoding="UTF-8"?>
<!-- Generated by org.testng.reporters.JUnitReportReporter -->
<testsuite hostname="DESKTOP-9A3ESFK" failures="0" tests="1" name="com.carbon.bizdata360.qa.testcases.IntegrationBridgeTest" time="43.845" errors="0" timestamp="2024-07-10T10:21:53 IST" skipped="0">
  <testcase classname="com.carbon.bizdata360.qa.testcases.IntegrationBridgeTest" name="verifyCreateBridgeWithMandatoryFields" time="43.845"/>
</testsuite> <!-- com.carbon.bizdata360.qa.testcases.IntegrationBridgeTest -->
