<?xml version="1.0" encoding="UTF-8"?>
<!-- Generated by org.testng.reporters.JUnitReportReporter -->
<testsuite hostname="DESKTOP-9A3ESFK" failures="0" tests="1" name="com.carbon.bizdata360.qa.testcases.Testing" time="31.297" errors="0" timestamp="2024-07-17T09:55:32 IST" skipped="0">
  <testcase classname="com.carbon.bizdata360.qa.testcases.Testing" name="verifyCreateBridgeWithMandatoryFields" time="31.297"/>
</testsuite> <!-- com.carbon.bizdata360.qa.testcases.Testing -->
